<?xml version="1.0" encoding="UTF-8"?>
<!-- Generated by org.testng.reporters.JUnitXMLReporter -->
<testsuite ignored="0" hostname="LAPTOP-MVELB75G" failures="0" tests="5" name="Test" time="49.232" errors="0" timestamp="2025-08-28T09:59:04 IST">
  <testcase classname="Sample_Day32_Websites.WebsitesWithOtp" name="openAmazonHomePage" time="1.996"/>
  <testcase classname="Sample_Day32_Websites.WebsitesWithOtp" name="loginToAmazon" time="5.488"/>
  <testcase classname="Sample_Day32_Websites.WebsitesWithOtp" name="searchForMobiles" time="14.093"/>
  <testcase classname="Sample_Day32_Websites.WebsitesWithOtp" name="selectInfinixProduct" time="16.073"/>
  <testcase classname="Sample_Day32_Websites.WebsitesWithOtp" name="scrollAndClickBuyNow" time="7.135"/>
</testsuite> <!-- Test -->
