<?xml version="1.0" encoding="UTF-8"?>
<!-- Generated by org.testng.reporters.JUnitXMLReporter -->
<testsuite ignored="0" hostname="LAPTOP-MVELB75G" failures="0" tests="3" name="Test" time="34.527" errors="0" timestamp="2025-08-18T18:14:10 IST">
  <testcase classname="Demo_WebShop.IntegrationWithExcel" name="loginUser" time="6.653"/>
  <testcase classname="Demo_WebShop.IntegrationWithExcel" name="loginUser" time="5.213"/>
  <testcase classname="Demo_WebShop.IntegrationWithExcel" name="loginUser" time="6.559"/>
</testsuite> <!-- Test -->
